2026-05-28 21:08:42,895 - aqt.main - INFO - installer 14700 aqtinstall(aqt) v3.3.0 on Python 3.11.0 [CPython MSC v.1933 64 bit (AMD64)]
2026-05-28 21:08:42,897 - aqt.helper - DEBUG - helper 14700 Attempt to download checksum at https://download.qt.io/online/qtsdkrepository/windows_x86/desktop/qt6_670/Updates.xml.sha256
2026-05-28 21:08:46,382 - aqt.helper - DEBUG - helper 13472 Attempt to download checksum at https://download.qt.io/online/qtsdkrepository/windows_x86/desktop/qt6_670/qt.qt6.670.win64_msvc2019_64/6.7.0-0-202403252230qtbase-Windows-Windows_10_22H2-MSVC2019-Windows-Windows_10_22H2-X86_64.7z.sha256
2026-05-28 21:08:46,383 - aqt.helper - DEBUG - helper 12772 Attempt to download checksum at https://download.qt.io/online/qtsdkrepository/windows_x86/desktop/qt6_670/qt.qt6.670.win64_msvc2019_64/6.7.0-0-202403252230qtsvg-Windows-Windows_10_22H2-MSVC2019-Windows-Windows_10_22H2-X86_64.7z.sha256
2026-05-28 21:08:46,384 - aqt.helper - DEBUG - helper 2464 Attempt to download checksum at https://download.qt.io/online/qtsdkrepository/windows_x86/desktop/qt6_670/qt.qt6.670.win64_msvc2019_64/6.7.0-0-202403252230qtdeclarative-Windows-Windows_10_22H2-MSVC2019-Windows-Windows_10_22H2-X86_64.7z.sha256
2026-05-28 21:08:46,394 - aqt.helper - DEBUG - helper 7772 Attempt to download checksum at https://download.qt.io/online/qtsdkrepository/windows_x86/desktop/qt6_670/qt.qt6.670.win64_msvc2019_64/6.7.0-0-202403252230qttools-Windows-Windows_10_22H2-MSVC2019-Windows-Windows_10_22H2-X86_64.7z.sha256
2026-05-28 21:08:47,284 - aqt.helper - INFO - helper 12772 Downloading qtsvg...
2026-05-28 21:08:47,285 - aqt.installer - DEBUG - installer 12772 Download URL: https://download.qt.io/online/qtsdkrepository/windows_x86/desktop/qt6_670/qt.qt6.670.win64_msvc2019_64/6.7.0-0-202403252230qtsvg-Windows-Windows_10_22H2-MSVC2019-Windows-Windows_10_22H2-X86_64.7z
2026-05-28 21:08:47,304 - aqt.helper - INFO - helper 7772 Downloading qttools...
2026-05-28 21:08:47,305 - aqt.installer - DEBUG - installer 7772 Download URL: https://download.qt.io/online/qtsdkrepository/windows_x86/desktop/qt6_670/qt.qt6.670.win64_msvc2019_64/6.7.0-0-202403252230qttools-Windows-Windows_10_22H2-MSVC2019-Windows-Windows_10_22H2-X86_64.7z
2026-05-28 21:08:47,340 - aqt.helper - INFO - helper 13472 Downloading qtbase...
2026-05-28 21:08:47,341 - aqt.installer - DEBUG - installer 13472 Download URL: https://download.qt.io/online/qtsdkrepository/windows_x86/desktop/qt6_670/qt.qt6.670.win64_msvc2019_64/6.7.0-0-202403252230qtbase-Windows-Windows_10_22H2-MSVC2019-Windows-Windows_10_22H2-X86_64.7z
2026-05-28 21:08:47,346 - aqt.helper - INFO - helper 2464 Downloading qtdeclarative...
2026-05-28 21:08:47,346 - aqt.installer - DEBUG - installer 2464 Download URL: https://download.qt.io/online/qtsdkrepository/windows_x86/desktop/qt6_670/qt.qt6.670.win64_msvc2019_64/6.7.0-0-202403252230qtdeclarative-Windows-Windows_10_22H2-MSVC2019-Windows-Windows_10_22H2-X86_64.7z
2026-05-28 21:08:48,223 - aqt.helper - DEBUG - helper 7772 Asked to redirect(302) to: https://mirror.ossplanet.net/qtproject/online/qtsdkrepository/windows_x86/desktop/qt6_670/qt.qt6.670.win64_msvc2019_64/6.7.0-0-202403252230qttools-Windows-Windows_10_22H2-MSVC2019-Windows-Windows_10_22H2-X86_64.7z
2026-05-28 21:08:48,223 - aqt.helper - INFO - helper 7772 Redirected: mirror.ossplanet.net
2026-05-28 21:08:48,242 - aqt.helper - DEBUG - helper 12772 Asked to redirect(302) to: https://mirror.ossplanet.net/qtproject/online/qtsdkrepository/windows_x86/desktop/qt6_670/qt.qt6.670.win64_msvc2019_64/6.7.0-0-202403252230qtsvg-Windows-Windows_10_22H2-MSVC2019-Windows-Windows_10_22H2-X86_64.7z
2026-05-28 21:08:48,242 - aqt.helper - INFO - helper 12772 Redirected: mirror.ossplanet.net
2026-05-28 21:08:48,298 - aqt.helper - DEBUG - helper 13472 Asked to redirect(302) to: https://mirror.ossplanet.net/qtproject/online/qtsdkrepository/windows_x86/desktop/qt6_670/qt.qt6.670.win64_msvc2019_64/6.7.0-0-202403252230qtbase-Windows-Windows_10_22H2-MSVC2019-Windows-Windows_10_22H2-X86_64.7z
2026-05-28 21:08:48,298 - aqt.helper - INFO - helper 13472 Redirected: mirror.ossplanet.net
2026-05-28 21:08:48,341 - aqt.helper - DEBUG - helper 2464 Asked to redirect(302) to: https://mirror.ossplanet.net/qtproject/online/qtsdkrepository/windows_x86/desktop/qt6_670/qt.qt6.670.win64_msvc2019_64/6.7.0-0-202403252230qtdeclarative-Windows-Windows_10_22H2-MSVC2019-Windows-Windows_10_22H2-X86_64.7z
2026-05-28 21:08:48,342 - aqt.helper - INFO - helper 2464 Redirected: mirror.ossplanet.net
2026-05-28 21:08:49,904 - aqt.installer - INFO - installer 12772 Finished installation of qtsvg-Windows-Windows_10_22H2-MSVC2019-Windows-Windows_10_22H2-X86_64.7z in 3.52163940
2026-05-28 21:08:49,916 - aqt.helper - DEBUG - helper 12772 Attempt to download checksum at https://download.qt.io/online/qtsdkrepository/windows_x86/desktop/qt6_670/qt.qt6.670.win64_msvc2019_64/6.7.0-0-202403252230qttranslations-Windows-Windows_10_22H2-MSVC2019-Windows-Windows_10_22H2-X86_64.7z.sha256
2026-05-28 21:08:50,928 - aqt.helper - INFO - helper 12772 Downloading qttranslations...
2026-05-28 21:08:50,929 - aqt.installer - DEBUG - installer 12772 Download URL: https://download.qt.io/online/qtsdkrepository/windows_x86/desktop/qt6_670/qt.qt6.670.win64_msvc2019_64/6.7.0-0-202403252230qttranslations-Windows-Windows_10_22H2-MSVC2019-Windows-Windows_10_22H2-X86_64.7z
2026-05-28 21:08:51,889 - aqt.helper - DEBUG - helper 12772 Asked to redirect(302) to: https://mirror.ossplanet.net/qtproject/online/qtsdkrepository/windows_x86/desktop/qt6_670/qt.qt6.670.win64_msvc2019_64/6.7.0-0-202403252230qttranslations-Windows-Windows_10_22H2-MSVC2019-Windows-Windows_10_22H2-X86_64.7z
2026-05-28 21:08:51,889 - aqt.helper - INFO - helper 12772 Redirected: mirror.ossplanet.net
2026-05-28 21:08:53,655 - aqt.installer - INFO - installer 12772 Finished installation of qttranslations-Windows-Windows_10_22H2-MSVC2019-Windows-Windows_10_22H2-X86_64.7z in 3.73996830
2026-05-28 21:08:53,670 - aqt.helper - DEBUG - helper 12772 Attempt to download checksum at https://download.qt.io/online/qtsdkrepository/windows_x86/desktop/qt6_670/qt.qt6.670.win64_msvc2019_64/6.7.0-0-202403252230d3dcompiler_47-x64.7z.sha256
2026-05-28 21:08:54,574 - aqt.helper - INFO - helper 12772 Downloading d3dcompiler_47...
2026-05-28 21:08:54,574 - aqt.installer - DEBUG - installer 12772 Download URL: https://download.qt.io/online/qtsdkrepository/windows_x86/desktop/qt6_670/qt.qt6.670.win64_msvc2019_64/6.7.0-0-202403252230d3dcompiler_47-x64.7z
2026-05-28 21:08:55,479 - aqt.helper - DEBUG - helper 12772 Asked to redirect(302) to: https://mirror.ossplanet.net/qtproject/online/qtsdkrepository/windows_x86/desktop/qt6_670/qt.qt6.670.win64_msvc2019_64/6.7.0-0-202403252230d3dcompiler_47-x64.7z
2026-05-28 21:08:55,480 - aqt.helper - INFO - helper 12772 Redirected: mirror.ossplanet.net
2026-05-28 21:08:56,886 - aqt.installer - INFO - installer 12772 Finished installation of d3dcompiler_47-x64.7z in 3.21801720
2026-05-28 21:08:56,898 - aqt.helper - DEBUG - helper 12772 Attempt to download checksum at https://download.qt.io/online/qtsdkrepository/windows_x86/desktop/qt6_670/qt.qt6.670.win64_msvc2019_64/6.7.0-0-202403252230opengl32sw-64-mesa_11_2_2-signed_sha256.7z.sha256
2026-05-28 21:08:57,866 - aqt.helper - INFO - helper 12772 Downloading opengl32sw...
2026-05-28 21:08:57,868 - aqt.installer - DEBUG - installer 12772 Download URL: https://download.qt.io/online/qtsdkrepository/windows_x86/desktop/qt6_670/qt.qt6.670.win64_msvc2019_64/6.7.0-0-202403252230opengl32sw-64-mesa_11_2_2-signed_sha256.7z
2026-05-28 21:08:58,744 - aqt.helper - DEBUG - helper 12772 Asked to redirect(302) to: https://mirror.ossplanet.net/qtproject/online/qtsdkrepository/windows_x86/desktop/qt6_670/qt.qt6.670.win64_msvc2019_64/6.7.0-0-202403252230opengl32sw-64-mesa_11_2_2-signed_sha256.7z
2026-05-28 21:08:58,746 - aqt.helper - INFO - helper 12772 Redirected: mirror.ossplanet.net
2026-05-28 21:09:05,182 - aqt.installer - INFO - installer 7772 Finished installation of qttools-Windows-Windows_10_22H2-MSVC2019-Windows-Windows_10_22H2-X86_64.7z in 18.78862170
2026-05-28 21:09:15,683 - aqt.installer - INFO - installer 12772 Finished installation of opengl32sw-64-mesa_11_2_2-signed_sha256.7z in 18.78637800
2026-05-28 21:09:45,128 - aqt.installer - INFO - installer 2464 Finished installation of qtdeclarative-Windows-Windows_10_22H2-MSVC2019-Windows-Windows_10_22H2-X86_64.7z in 58.74500940
